\BOOKMARK [1][-]{section.1}{Introduction}{}% 1
\BOOKMARK [2][-]{subsection.1.1}{Subpixel shift estimation approaches}{section.1}% 2
\BOOKMARK [2][-]{subsection.1.2}{Summary}{section.1}% 3
\BOOKMARK [1][-]{section.2}{Gradient-Based Shift Estimation methods}{}% 4
\BOOKMARK [2][-]{subsection.2.1}{Optical Flow equation with Least Squares minimization}{section.2}% 5
\BOOKMARK [2][-]{subsection.2.2}{Optical Flow Equation with Total Least Squares Minimization}{section.2}% 6
\BOOKMARK [2][-]{subsection.2.3}{Bias minimization through iterative and multiscale gradient-based shift estimation}{section.2}% 7
\BOOKMARK [2][-]{subsection.2.4}{Minimizing the bias through corrected gradient estimation}{section.2}% 8
\BOOKMARK [2][-]{subsection.2.5}{Bidirectional bias correction for Gradient-Based Shift Estimation}{section.2}% 9
\BOOKMARK [2][-]{subsection.2.6}{Gradient computation and image prefiltering}{section.2}% 10
\BOOKMARK [2][-]{subsection.2.7}{Interpolation methods for image resampling}{section.2}% 11
\BOOKMARK [2][-]{subsection.2.8}{Shift estimation by centroid of interpolating kernel}{section.2}% 12
\BOOKMARK [1][-]{section.3}{Phase-correlation methods}{}% 13
\BOOKMARK [2][-]{subsection.3.1}{Local function fitting in the spatial domain}{section.3}% 14
\BOOKMARK [2][-]{subsection.3.2}{Analyzing the phase difference matrix in the frequency domain}{section.3}% 15
\BOOKMARK [2][-]{subsection.3.3}{Subspace phase correlation methods}{section.3}% 16
\BOOKMARK [2][-]{subsection.3.4}{Gradient correlation methods}{section.3}% 17
\BOOKMARK [1][-]{section.4}{Method evaluation}{}% 18
\BOOKMARK [2][-]{subsection.4.1}{Influence of gradient estimation on GBSE methods}{section.4}% 19
\BOOKMARK [3][-]{subsubsection.4.1.1}{A study on Gaussian derivatives}{subsection.4.1}% 20
\BOOKMARK [2][-]{subsection.4.2}{Robustness to noise}{section.4}% 21
\BOOKMARK [3][-]{subsubsection.4.2.1}{Predefined set of methods}{subsection.4.2}% 22
\BOOKMARK [3][-]{subsubsection.4.2.2}{A short study on multiscale gradient-based shift estimation}{subsection.4.2}% 23
\BOOKMARK [3][-]{subsubsection.4.2.3}{Conclusions}{subsection.4.2}% 24
\BOOKMARK [2][-]{subsection.4.3}{Robustness to violation of the brightness constancy constraint}{section.4}% 25
\BOOKMARK [3][-]{subsubsection.4.3.1}{Conclusions from these experiments}{subsection.4.3}% 26
\BOOKMARK [2][-]{subsection.4.4}{Robustness to aliased sample processes}{section.4}% 27
\BOOKMARK [3][-]{subsubsection.4.4.1}{Conclusions from these experiments}{subsection.4.4}% 28
\BOOKMARK [2][-]{subsection.4.5}{Computational cost comparison}{section.4}% 29
\BOOKMARK [2][-]{subsection.4.6}{Evaluation on real MRI images}{section.4}% 30
\BOOKMARK [1][-]{section.5}{Concluding Remarks}{}% 31
\BOOKMARK [2][-]{subsection.5.1}{Copyright}{section.5}% 32
\BOOKMARK [1][-]{section.6}{References}{}% 33
